Sat Sep 18 2021 17:55:14 GMT+0530 (India Standard Time) - GET - / 
Sat Sep 18 2021 17:55:15 GMT+0530 (India Standard Time) - GET - /favicon.ico 
Sat Sep 18 2021 17:56:15 GMT+0530 (India Standard Time) - GET - / 
Sat Sep 18 2021 17:57:12 GMT+0530 (India Standard Time) - GET - / 
Sat Sep 18 2021 17:57:26 GMT+0530 (India Standard Time) - GET - / 
Sat Sep 18 2021 17:57:56 GMT+0530 (India Standard Time) - GET - /notes 
Sat Sep 18 2021 17:58:31 GMT+0530 (India Standard Time) - GET - /notes/:12 
Sat Sep 18 2021 19:22:28 GMT+0530 (India Standard Time) - POST - /notes 
Sat Sep 18 2021 19:24:22 GMT+0530 (India Standard Time) - POST - /notes 
Sat Sep 18 2021 19:25:29 GMT+0530 (India Standard Time) - POST - /notes 
Sat Sep 18 2021 19:25:41 GMT+0530 (India Standard Time) - POST - /notes 
Sat Sep 18 2021 19:25:46 GMT+0530 (India Standard Time) - POST - /notes 
Sat Sep 18 2021 19:25:59 GMT+0530 (India Standard Time) - POST - /notes 
Sat Sep 18 2021 19:29:35 GMT+0530 (India Standard Time) - POST - /notes 
Sat Sep 18 2021 19:30:18 GMT+0530 (India Standard Time) - POST - /notes 
Sat Sep 18 2021 19:31:17 GMT+0530 (India Standard Time) - POST - /notes 
Sat Sep 18 2021 19:32:01 GMT+0530 (India Standard Time) - POST - /notes 
Sat Sep 18 2021 19:33:06 GMT+0530 (India Standard Time) - POST - /notes 
Sat Sep 18 2021 19:36:06 GMT+0530 (India Standard Time) - POST - /notes 
Sat Sep 18 2021 19:37:10 GMT+0530 (India Standard Time) - POST - /notes 
Sat Sep 18 2021 19:39:24 GMT+0530 (India Standard Time) - POST - /notes 
Sat Sep 18 2021 19:39:47 GMT+0530 (India Standard Time) - POST - /notes 
Sat Sep 18 2021 19:40:41 GMT+0530 (India Standard Time) - POST - /notes 
Sat Sep 18 2021 19:42:22 GMT+0530 (India Standard Time) - POST - /notes 
Sat Sep 18 2021 19:42:48 GMT+0530 (India Standard Time) - POST - /notes 
Sat Sep 18 2021 19:43:29 GMT+0530 (India Standard Time) - POST - /notes 
Sat Sep 18 2021 19:44:15 GMT+0530 (India Standard Time) - POST - /notes 
Sat Sep 18 2021 19:44:46 GMT+0530 (India Standard Time) - POST - /notes 
Sat Sep 18 2021 19:46:01 GMT+0530 (India Standard Time) - POST - /notes 
Sat Sep 18 2021 19:46:20 GMT+0530 (India Standard Time) - POST - /notes 
Sat Sep 18 2021 19:46:50 GMT+0530 (India Standard Time) - POST - /notes 
Sat Sep 18 2021 19:47:13 GMT+0530 (India Standard Time) - POST - /notes 
Sat Sep 18 2021 19:47:54 GMT+0530 (India Standard Time) - POST - /notes 
Sat Sep 18 2021 20:00:26 GMT+0530 (India Standard Time) - GET - /notes 
Sat Sep 18 2021 20:01:29 GMT+0530 (India Standard Time) - GET - /notes 
Sat Sep 18 2021 20:17:57 GMT+0530 (India Standard Time) - GET - /notes/:10 
Sat Sep 18 2021 20:18:07 GMT+0530 (India Standard Time) - GET - /notes/:1 
Sat Sep 18 2021 20:18:53 GMT+0530 (India Standard Time) - PUT - /notes/:10 
Sat Sep 18 2021 20:19:20 GMT+0530 (India Standard Time) - PUT - /notes/:9 
Sat Sep 18 2021 20:19:49 GMT+0530 (India Standard Time) - PUT - /notes/9 
Sat Sep 18 2021 20:20:34 GMT+0530 (India Standard Time) - PUT - /notes/10 
Sat Sep 18 2021 20:20:49 GMT+0530 (India Standard Time) - PUT - /notes/9 
Sat Sep 18 2021 20:23:10 GMT+0530 (India Standard Time) - PUT - /notes/9 
Sat Sep 18 2021 20:23:52 GMT+0530 (India Standard Time) - PUT - /notes/9 
Sat Sep 18 2021 21:46:45 GMT+0530 (India Standard Time) - DELETE - /notes/9 
Sat Sep 18 2021 21:46:56 GMT+0530 (India Standard Time) - DELETE - /notes/10 
Sat Sep 18 2021 21:47:49 GMT+0530 (India Standard Time) - DELETE - /notes/10 
Sun Oct 10 2021 16:22:43 GMT+0530 (India Standard Time) - GET - / 
Sun Oct 10 2021 16:22:58 GMT+0530 (India Standard Time) - GET - /notes 
Sun Oct 10 2021 16:23:32 GMT+0530 (India Standard Time) - GET - /notes 
Sun Oct 10 2021 16:24:14 GMT+0530 (India Standard Time) - GET - /notes 
Sun Oct 10 2021 16:28:23 GMT+0530 (India Standard Time) - POST - /notes 
Sun Oct 10 2021 16:28:35 GMT+0530 (India Standard Time) - GET - /notes 
Sun Oct 10 2021 16:31:01 GMT+0530 (India Standard Time) - POST - /notes 
Sun Oct 10 2021 16:31:09 GMT+0530 (India Standard Time) - GET - /notes 
Sun Oct 10 2021 16:32:39 GMT+0530 (India Standard Time) - POST - /notes 
Sun Oct 10 2021 16:32:48 GMT+0530 (India Standard Time) - POST - /notes 
Sun Oct 10 2021 16:33:14 GMT+0530 (India Standard Time) - POST - /notes 
Sun Oct 10 2021 16:34:23 GMT+0530 (India Standard Time) - POST - /notes 
Sun Oct 10 2021 16:34:56 GMT+0530 (India Standard Time) - POST - /notes 
Sun Oct 10 2021 16:35:26 GMT+0530 (India Standard Time) - GET - /notes 
Sun Oct 10 2021 16:35:48 GMT+0530 (India Standard Time) - POST - /notes 
Sun Oct 10 2021 16:36:04 GMT+0530 (India Standard Time) - POST - /notes 
Sun Oct 10 2021 16:36:09 GMT+0530 (India Standard Time) - POST - /notes 
Sun Oct 10 2021 16:36:12 GMT+0530 (India Standard Time) - GET - /notes 
Sun Oct 10 2021 16:44:33 GMT+0530 (India Standard Time) - GET - /notes 
Sun Oct 10 2021 16:44:50 GMT+0530 (India Standard Time) - GET - /notes 
Sun Oct 10 2021 16:44:51 GMT+0530 (India Standard Time) - GET - /notes 
Sun Oct 10 2021 16:44:54 GMT+0530 (India Standard Time) - GET - /notes 
Sun Oct 10 2021 16:44:54 GMT+0530 (India Standard Time) - GET - /favicon.ico 
Sun Oct 10 2021 16:44:54 GMT+0530 (India Standard Time) - GET - /notes 
Sun Oct 10 2021 16:44:56 GMT+0530 (India Standard Time) - GET - /notes 
Sun Oct 10 2021 16:44:56 GMT+0530 (India Standard Time) - GET - /notes 
Sun Oct 10 2021 16:44:58 GMT+0530 (India Standard Time) - GET - /notes 
Sun Oct 10 2021 16:44:58 GMT+0530 (India Standard Time) - GET - /notes 
Sun Oct 10 2021 16:45:01 GMT+0530 (India Standard Time) - GET - /notes 
Sun Oct 10 2021 16:45:02 GMT+0530 (India Standard Time) - GET - /notes 
Sun Oct 10 2021 16:45:04 GMT+0530 (India Standard Time) - GET - /notes 
Sun Oct 10 2021 16:45:05 GMT+0530 (India Standard Time) - GET - /notes 
Sun Oct 10 2021 16:45:07 GMT+0530 (India Standard Time) - GET - /notes 
Sun Oct 10 2021 16:45:08 GMT+0530 (India Standard Time) - GET - /notes 
Sun Oct 10 2021 16:45:12 GMT+0530 (India Standard Time) - GET - /notes 
Sun Oct 10 2021 16:45:14 GMT+0530 (India Standard Time) - GET - /notes 
Sun Oct 10 2021 16:45:15 GMT+0530 (India Standard Time) - GET - /notes 
Sun Oct 10 2021 16:45:17 GMT+0530 (India Standard Time) - GET - /notes 
Sun Oct 10 2021 16:45:22 GMT+0530 (India Standard Time) - GET - /notes 
Sun Oct 10 2021 16:45:22 GMT+0530 (India Standard Time) - GET - /notes 
Sun Oct 10 2021 16:45:22 GMT+0530 (India Standard Time) - GET - /notes 
Sun Oct 10 2021 16:45:22 GMT+0530 (India Standard Time) - GET - /notes 
Sun Oct 10 2021 16:45:22 GMT+0530 (India Standard Time) - GET - /notes 
Sun Oct 10 2021 16:45:23 GMT+0530 (India Standard Time) - GET - /notes 
Sun Oct 10 2021 16:45:23 GMT+0530 (India Standard Time) - GET - /notes 
Sun Oct 10 2021 16:45:23 GMT+0530 (India Standard Time) - GET - /notes 
Sun Oct 10 2021 16:45:23 GMT+0530 (India Standard Time) - GET - /notes 
Sun Oct 10 2021 16:45:23 GMT+0530 (India Standard Time) - GET - /notes 
Sun Oct 10 2021 16:45:23 GMT+0530 (India Standard Time) - GET - /notes 
Sun Oct 10 2021 16:45:23 GMT+0530 (India Standard Time) - GET - /notes 
Sun Oct 10 2021 16:45:24 GMT+0530 (India Standard Time) - GET - /notes 
Sun Oct 10 2021 16:45:24 GMT+0530 (India Standard Time) - GET - /notes 
Sun Oct 10 2021 16:45:24 GMT+0530 (India Standard Time) - GET - /notes 
Sun Oct 10 2021 16:45:24 GMT+0530 (India Standard Time) - GET - /notes 
Sun Oct 10 2021 16:45:34 GMT+0530 (India Standard Time) - GET - /notes 
Sun Oct 10 2021 16:45:36 GMT+0530 (India Standard Time) - GET - /notes 
Sun Oct 10 2021 16:45:37 GMT+0530 (India Standard Time) - GET - /notes 
Sun Oct 10 2021 16:45:37 GMT+0530 (India Standard Time) - GET - /notes 
Sun Oct 10 2021 16:53:08 GMT+0530 (India Standard Time) - PUT - /notes:1 
Sun Oct 10 2021 16:53:16 GMT+0530 (India Standard Time) - PUT - /notes/1 
Sun Oct 10 2021 16:53:42 GMT+0530 (India Standard Time) - PUT - /notes/1 
Sun Oct 10 2021 16:54:01 GMT+0530 (India Standard Time) - PUT - /notes/1 
Sun Oct 10 2021 16:54:06 GMT+0530 (India Standard Time) - GET - /notes 
Sun Oct 10 2021 16:55:14 GMT+0530 (India Standard Time) - PUT - /notes/1 
Sun Oct 10 2021 16:55:20 GMT+0530 (India Standard Time) - GET - /notes 
Sun Oct 10 2021 16:55:55 GMT+0530 (India Standard Time) - PUT - /notes/100 
Sun Oct 10 2021 16:56:01 GMT+0530 (India Standard Time) - PUT - /notes/100 
Sun Oct 10 2021 16:56:08 GMT+0530 (India Standard Time) - GET - /notes 
Sun Oct 10 2021 16:57:56 GMT+0530 (India Standard Time) - GET - /notes 
Sun Oct 10 2021 16:58:50 GMT+0530 (India Standard Time) - PUT - /notes/sai%20madhu 
Sun Oct 10 2021 16:59:03 GMT+0530 (India Standard Time) - GET - /notes 
Sun Oct 10 2021 17:02:17 GMT+0530 (India Standard Time) - PUT - /notes/sai%20madhu1 
Sun Oct 10 2021 17:02:24 GMT+0530 (India Standard Time) - GET - /notes 
Sun Oct 10 2021 17:03:51 GMT+0530 (India Standard Time) - PUT - /notes/sai%20madhu1 
Sun Oct 10 2021 17:04:00 GMT+0530 (India Standard Time) - PUT - /notes/10 
Sun Oct 10 2021 17:04:03 GMT+0530 (India Standard Time) - GET - /notes 
Sun Oct 10 2021 17:05:05 GMT+0530 (India Standard Time) - DELETE - /notes/10 
Sun Oct 10 2021 17:05:11 GMT+0530 (India Standard Time) - GET - /notes 
Sun Oct 10 2021 17:05:30 GMT+0530 (India Standard Time) - DELETE - /notes/10 
